<?xml version="1.0" encoding="UTF-8"?>
<testng-results skipped="0" failed="0" ignored="0" total="1" passed="1">
  <reporter-output>
  </reporter-output>
  <suite name="Default suite" duration-ms="6731" started-at="2022-10-31T12:11:52 CDT" finished-at="2022-10-31T12:11:59 CDT">
    <groups>
    </groups>
    <test name="Default test" duration-ms="6731" started-at="2022-10-31T12:11:52 CDT" finished-at="2022-10-31T12:11:59 CDT">
      <class name="com.test.GoogleTest">
        <test-method status="PASS" signature="setUp()[pri:0, instance:com.test.GoogleTest@131276c2]" name="setUp" is-config="true" duration-ms="5772" started-at="2022-10-31T12:11:52 CDT" finished-at="2022-10-31T12:11:58 CDT">
          <reporter-output>
          </reporter-output>
        </test-method> <!-- setUp -->
        <test-method status="PASS" signature="googleTitleTest()[pri:0, instance:com.test.GoogleTest@131276c2]" name="googleTitleTest" duration-ms="48" started-at="2022-10-31T12:11:58 CDT" finished-at="2022-10-31T12:11:58 CDT">
          <reporter-output>
          </reporter-output>
        </test-method> <!-- googleTitleTest -->
        <test-method status="PASS" signature="tearDown()[pri:0, instance:com.test.GoogleTest@131276c2]" name="tearDown" is-config="true" duration-ms="822" started-at="2022-10-31T12:11:58 CDT" finished-at="2022-10-31T12:11:59 CDT">
          <reporter-output>
          </reporter-output>
        </test-method> <!-- tearDown -->
      </class> <!-- com.test.GoogleTest -->
    </test> <!-- Default test -->
  </suite> <!-- Default suite -->
</testng-results>
